<?xml version="1.0" encoding="UTF-8"?>
<testng-results ignored="0" total="2" passed="2" failed="0" skipped="0">
  <reporter-output>
  </reporter-output>
  <suite started-at="2022-07-29T20:31:20 IST" name="Default suite" finished-at="2022-07-29T20:31:48 IST" duration-ms="27417">
    <groups>
    </groups>
    <test started-at="2022-07-29T20:31:20 IST" name="Default test" finished-at="2022-07-29T20:31:48 IST" duration-ms="27417">
      <class name="test.ForgetNG">
        <test-method is-config="true" signature="chrome()[pri:0, instance:test.ForgetNG@e15b7e8]" started-at="2022-07-29T20:31:20 IST" name="chrome" finished-at="2022-07-29T20:31:36 IST" duration-ms="15256" status="PASS">
          <reporter-output>
          </reporter-output>
        </test-method> <!-- chrome -->
        <test-method signature="forgotid()[pri:0, instance:test.ForgetNG@e15b7e8]" started-at="2022-07-29T20:31:36 IST" name="forgotid" finished-at="2022-07-29T20:31:40 IST" duration-ms="4391" status="PASS">
          <reporter-output>
          </reporter-output>
        </test-method> <!-- forgotid -->
        <test-method is-config="true" signature="chrome()[pri:0, instance:test.ForgetNG@e15b7e8]" started-at="2022-07-29T20:31:40 IST" name="chrome" finished-at="2022-07-29T20:31:44 IST" duration-ms="4156" status="PASS">
          <reporter-output>
          </reporter-output>
        </test-method> <!-- chrome -->
        <test-method signature="rememberid()[pri:0, instance:test.ForgetNG@e15b7e8]" started-at="2022-07-29T20:31:44 IST" name="rememberid" finished-at="2022-07-29T20:31:48 IST" duration-ms="3563" status="PASS">
          <reporter-output>
          </reporter-output>
        </test-method> <!-- rememberid -->
      </class> <!-- test.ForgetNG -->
    </test> <!-- Default test -->
  </suite> <!-- Default suite -->
</testng-results>
